<?xml version="1.0" encoding="UTF-8"?>
<testng-results ignored="0" total="1" passed="1" failed="0" skipped="0">
  <reporter-output>
  </reporter-output>
  <suite started-at="2021-05-15T10:58:33 IST" name="Default suite" finished-at="2021-05-15T10:58:37 IST" duration-ms="4578">
    <groups>
    </groups>
    <test started-at="2021-05-15T10:58:33 IST" name="Default test" finished-at="2021-05-15T10:58:37 IST" duration-ms="4578">
      <class name="httprequest.Test3">
        <test-method signature="getThereq()[pri:0, instance:httprequest.Test3@2b4bac49]" started-at="2021-05-15T10:58:33 IST" name="getThereq" finished-at="2021-05-15T10:58:37 IST" duration-ms="4504" status="PASS">
          <reporter-output>
          </reporter-output>
        </test-method> <!-- getThereq -->
      </class> <!-- httprequest.Test3 -->
    </test> <!-- Default test -->
  </suite> <!-- Default suite -->
</testng-results>
