<?xml version="1.0" encoding="UTF-8"?>
<testng-results ignored="0" total="1" passed="1" failed="0" skipped="0">
  <reporter-output>
  </reporter-output>
  <suite started-at="2021-05-23T10:15:32 IST" name="Default suite" finished-at="2021-05-23T10:15:38 IST" duration-ms="6505">
    <groups>
    </groups>
    <test started-at="2021-05-23T10:15:32 IST" name="Default test" finished-at="2021-05-23T10:15:38 IST" duration-ms="6505">
      <class name="serialization.ContentTypeSerilaization">
        <test-method signature="postBDD()[pri:0, instance:serialization.ContentTypeSerilaization@2b4bac49]" started-at="2021-05-23T10:15:32 IST" name="postBDD" finished-at="2021-05-23T10:15:38 IST" duration-ms="6385" status="PASS">
          <reporter-output>
          </reporter-output>
        </test-method> <!-- postBDD -->
      </class> <!-- serialization.ContentTypeSerilaization -->
    </test> <!-- Default test -->
  </suite> <!-- Default suite -->
</testng-results>
